[22:06:13.163] [Debug] LoadTexture 'player' OK (32x32)
[22:06:13.188] [Debug] LoadTexture 'zombie' OK (32x32)
[22:06:13.219] [Debug] LoadTexture 'wolf' OK (32x32)
[22:06:13.247] [Debug] LoadTexture 'weapon' OK (32x32)
[22:06:13.277] [Debug] LoadTexture 'water' OK (32x32)
[22:06:13.304] [Debug] LoadTexture 'spyder' OK (32x32)
[22:06:13.336] [Debug] LoadTexture 'snake' OK (32x32)
[22:06:13.363] [Debug] LoadTexture 'skelet' OK (32x32)
[22:06:13.396] [Debug] LoadTexture 'sand' OK (32x32)
[22:06:13.423] [Debug] LoadTexture 'rat' OK (32x32)
[22:06:13.452] [Debug] LoadTexture 'ork' OK (32x32)
[22:06:13.480] [Debug] LoadTexture 'misc' OK (32x32)
[22:06:13.511] [Debug] LoadTexture 'lich' OK (24x23)
[22:06:13.538] [Debug] LoadTexture 'grass' OK (32x32)
[22:06:13.539] [Debug] LoadTexture 'gold' OK (32x32)
[22:06:13.540] [Debug] LoadTexture 'goblin' OK (32x32)
[22:06:13.540] [Debug] LoadTexture 'dragon_baby' OK (32x32)
[22:06:13.541] [Debug] LoadTexture 'dragon' OK (32x32)
[22:06:13.541] [Debug] LoadTexture 'dark_mage' OK (32x32)
[22:06:13.542] [Debug] LoadTexture 'consumable' OK (32x32)
[22:06:13.542] [Debug] LoadTexture 'collectible' OK (32x32)
[22:06:13.543] [Debug] LoadTexture 'bear' OK (32x32)
[22:06:13.544] [Debug] LoadTexture 'armor' OK (32x32)
[22:06:13.544] [Debug] LoadTexture 'accessory' OK (32x32)
[22:06:13.545] [Debug] LoadTexture 'trader' OK (32x32)
[22:06:13.547] [Debug] LoadTexture 'quest_desk' OK (32x32)
[22:06:13.547] [Debug] LoadTexture 'icon_communication' OK (32x32)
[22:06:13.548] [Debug] LoadTexture 'icon_inventory' OK (32x32)
[22:06:13.548] [Debug] LoadTexture 'icon_settings' OK (32x32)
[22:06:13.549] [Debug] LoadTexture 'icon_skills' OK (32x32)
[22:06:13.549] [Debug] LoadTexture 'icon_status' OK (32x32)
[22:06:13.551] [Debug] LoadTexture 'skill' OK (32x32)
[22:06:13.551] [Info] SpriteCache loaded 32/32 textures
